  bossStage.cpp
c:\users\ppoxx\source\repos\momodora2\enemy.h(253): warning C4838: conversion from 'float' to 'LONG' requires a narrowing conversion
c:\users\ppoxx\source\repos\momodora2\enemy.h(253): warning C4244: 'initializing': conversion from 'float' to 'LONG', possible loss of data
c:\users\ppoxx\source\repos\momodora2\enemy.h(254): warning C4244: '+=': conversion from 'float' to 'LONG', possible loss of data
c:\users\ppoxx\source\repos\momodora2\enemy.h(255): warning C4244: '+=': conversion from 'float' to 'LONG', possible loss of data
c:\users\ppoxx\source\repos\momodora2\enemy.h(256): warning C4244: '+=': conversion from 'float' to 'LONG', possible loss of data
c:\users\ppoxx\source\repos\momodora2\enemy.h(257): warning C4244: '+=': conversion from 'float' to 'LONG', possible loss of data
c:\users\ppoxx\source\repos\momodora2\enemy.h(258): warning C4244: '+=': conversion from 'float' to 'LONG', possible loss of data
c:\users\ppoxx\source\repos\momodora2\enemy.h(259): warning C4244: '+=': conversion from 'float' to 'LONG', possible loss of data
c:\users\ppoxx\source\repos\momodora2\bossstage.cpp(92): warning C4244: 'argument': conversion from 'int' to 'float', possible loss of data
c:\users\ppoxx\source\repos\momodora2\bossstage.cpp(103): warning C4244: 'argument': conversion from 'float' to 'int', possible loss of data
  commonStage.cpp
c:\users\ppoxx\source\repos\momodora2\enemy.h(253): warning C4838: conversion from 'float' to 'LONG' requires a narrowing conversion
c:\users\ppoxx\source\repos\momodora2\enemy.h(253): warning C4244: 'initializing': conversion from 'float' to 'LONG', possible loss of data
c:\users\ppoxx\source\repos\momodora2\enemy.h(254): warning C4244: '+=': conversion from 'float' to 'LONG', possible loss of data
c:\users\ppoxx\source\repos\momodora2\enemy.h(255): warning C4244: '+=': conversion from 'float' to 'LONG', possible loss of data
c:\users\ppoxx\source\repos\momodora2\enemy.h(256): warning C4244: '+=': conversion from 'float' to 'LONG', possible loss of data
c:\users\ppoxx\source\repos\momodora2\enemy.h(257): warning C4244: '+=': conversion from 'float' to 'LONG', possible loss of data
c:\users\ppoxx\source\repos\momodora2\enemy.h(258): warning C4244: '+=': conversion from 'float' to 'LONG', possible loss of data
c:\users\ppoxx\source\repos\momodora2\enemy.h(259): warning C4244: '+=': conversion from 'float' to 'LONG', possible loss of data
  enemy.cpp
c:\users\ppoxx\source\repos\momodora2\enemy.h(253): warning C4838: conversion from 'float' to 'LONG' requires a narrowing conversion
c:\users\ppoxx\source\repos\momodora2\enemy.h(253): warning C4244: 'initializing': conversion from 'float' to 'LONG', possible loss of data
c:\users\ppoxx\source\repos\momodora2\enemy.h(254): warning C4244: '+=': conversion from 'float' to 'LONG', possible loss of data
c:\users\ppoxx\source\repos\momodora2\enemy.h(255): warning C4244: '+=': conversion from 'float' to 'LONG', possible loss of data
c:\users\ppoxx\source\repos\momodora2\enemy.h(256): warning C4244: '+=': conversion from 'float' to 'LONG', possible loss of data
c:\users\ppoxx\source\repos\momodora2\enemy.h(257): warning C4244: '+=': conversion from 'float' to 'LONG', possible loss of data
c:\users\ppoxx\source\repos\momodora2\enemy.h(258): warning C4244: '+=': conversion from 'float' to 'LONG', possible loss of data
c:\users\ppoxx\source\repos\momodora2\enemy.h(259): warning C4244: '+=': conversion from 'float' to 'LONG', possible loss of data
c:\users\ppoxx\source\repos\momodora2\enemy.cpp(102): warning C4244: 'argument': conversion from 'float' to 'int', possible loss of data
c:\users\ppoxx\source\repos\momodora2\enemy.cpp(103): warning C4244: 'argument': conversion from 'float' to 'int', possible loss of data
c:\users\ppoxx\source\repos\momodora2\enemy.cpp(120): warning C4244: 'argument': conversion from 'LONG' to 'float', possible loss of data
c:\users\ppoxx\source\repos\momodora2\enemy.cpp(125): warning C4244: 'argument': conversion from 'LONG' to 'float', possible loss of data
c:\users\ppoxx\source\repos\momodora2\enemy.cpp(130): warning C4244: 'argument': conversion from 'LONG' to 'float', possible loss of data
c:\users\ppoxx\source\repos\momodora2\enemy.cpp(287): warning C4244: 'argument': conversion from 'float' to 'int', possible loss of data
c:\users\ppoxx\source\repos\momodora2\enemy.cpp(291): warning C4244: 'argument': conversion from 'float' to 'int', possible loss of data
c:\users\ppoxx\source\repos\momodora2\enemy.cpp(435): warning C4244: '=': conversion from 'float' to 'int', possible loss of data
c:\users\ppoxx\source\repos\momodora2\enemy.cpp(436): warning C4244: '=': conversion from 'float' to 'int', possible loss of data
c:\users\ppoxx\source\repos\momodora2\enemy.cpp(441): warning C4244: '=': conversion from 'float' to 'int', possible loss of data
c:\users\ppoxx\source\repos\momodora2\enemy.cpp(442): warning C4244: '=': conversion from 'float' to 'int', possible loss of data
c:\users\ppoxx\source\repos\momodora2\enemy.cpp(450): warning C4244: 'initializing': conversion from 'float' to 'int', possible loss of data
c:\users\ppoxx\source\repos\momodora2\enemy.cpp(460): warning C4244: '=': conversion from 'int' to 'float', possible loss of data
c:\users\ppoxx\source\repos\momodora2\enemy.cpp(473): warning C4244: 'argument': conversion from 'float' to 'int', possible loss of data
c:\users\ppoxx\source\repos\momodora2\enemy.cpp(488): warning C4244: 'argument': conversion from 'float' to 'int', possible loss of data
c:\users\ppoxx\source\repos\momodora2\enemy.cpp(525): warning C4244: 'argument': conversion from 'int' to 'float', possible loss of data
c:\users\ppoxx\source\repos\momodora2\enemy.cpp(589): warning C4305: '=': truncation from 'double' to 'float'
c:\users\ppoxx\source\repos\momodora2\enemy.cpp(598): warning C4305: '=': truncation from 'double' to 'float'
c:\users\ppoxx\source\repos\momodora2\enemy.cpp(672): warning C4244: 'argument': conversion from 'float' to 'int', possible loss of data
c:\users\ppoxx\source\repos\momodora2\enemy.cpp(681): warning C4244: 'argument': conversion from 'float' to 'int', possible loss of data
c:\users\ppoxx\source\repos\momodora2\enemy.cpp(685): warning C4244: 'argument': conversion from 'float' to 'int', possible loss of data
c:\users\ppoxx\source\repos\momodora2\enemy.cpp(689): warning C4244: 'argument': conversion from 'float' to 'int', possible loss of data
c:\users\ppoxx\source\repos\momodora2\enemy.cpp(793): warning C4244: 'argument': conversion from 'float' to 'int', possible loss of data
c:\users\ppoxx\source\repos\momodora2\enemy.cpp(801): warning C4244: 'argument': conversion from 'float' to 'int', possible loss of data
c:\users\ppoxx\source\repos\momodora2\enemy.cpp(805): warning C4244: 'argument': conversion from 'float' to 'int', possible loss of data
c:\users\ppoxx\source\repos\momodora2\enemy.cpp(809): warning C4244: 'argument': conversion from 'float' to 'int', possible loss of data
c:\users\ppoxx\source\repos\momodora2\enemy.cpp(813): warning C4244: 'argument': conversion from 'float' to 'int', possible loss of data
c:\users\ppoxx\source\repos\momodora2\enemy.cpp(870): warning C4244: 'argument': conversion from 'double' to 'float', possible loss of data
c:\users\ppoxx\source\repos\momodora2\enemy.cpp(1124): warning C4244: '=': conversion from 'int' to 'float', possible loss of data
c:\users\ppoxx\source\repos\momodora2\enemy.cpp(1125): warning C4244: '=': conversion from 'double' to 'float', possible loss of data
c:\users\ppoxx\source\repos\momodora2\enemy.cpp(1126): warning C4244: '=': conversion from 'int' to 'float', possible loss of data
c:\users\ppoxx\source\repos\momodora2\enemy.cpp(1199): warning C4244: '=': conversion from 'LONG' to 'float', possible loss of data
c:\users\ppoxx\source\repos\momodora2\enemy.cpp(1200): warning C4244: '=': conversion from 'LONG' to 'float', possible loss of data
c:\users\ppoxx\source\repos\momodora2\enemy.cpp(1217): warning C4244: '=': conversion from 'LONG' to 'float', possible loss of data
c:\users\ppoxx\source\repos\momodora2\enemy.cpp(1218): warning C4244: '=': conversion from 'LONG' to 'float', possible loss of data
c:\users\ppoxx\source\repos\momodora2\enemy.cpp(1268): warning C4244: 'argument': conversion from 'float' to 'int', possible loss of data
c:\users\ppoxx\source\repos\momodora2\enemy.cpp(1292): warning C4244: 'argument': conversion from 'float' to 'int', possible loss of data
c:\users\ppoxx\source\repos\momodora2\enemy.cpp(1293): warning C4244: 'argument': conversion from 'float' to 'int', possible loss of data
c:\users\ppoxx\source\repos\momodora2\enemy.cpp(1306): warning C4244: 'argument': conversion from 'float' to 'int', possible loss of data
c:\users\ppoxx\source\repos\momodora2\enemy.cpp(1313): warning C4244: 'argument': conversion from 'float' to 'int', possible loss of data
c:\users\ppoxx\source\repos\momodora2\enemy.cpp(1322): warning C4244: 'argument': conversion from 'float' to 'int', possible loss of data
c:\users\ppoxx\source\repos\momodora2\enemy.cpp(1325): warning C4244: 'argument': conversion from 'float' to 'int', possible loss of data
c:\users\ppoxx\source\repos\momodora2\enemy.cpp(1328): warning C4244: 'argument': conversion from 'float' to 'int', possible loss of data
c:\users\ppoxx\source\repos\momodora2\enemy.cpp(1340): warning C4244: 'argument': conversion from 'float' to 'int', possible loss of data
c:\users\ppoxx\source\repos\momodora2\enemy.cpp(1344): warning C4244: 'argument': conversion from 'float' to 'int', possible loss of data
c:\users\ppoxx\source\repos\momodora2\enemy.cpp(1351): warning C4244: 'argument': conversion from 'float' to 'int', possible loss of data
c:\users\ppoxx\source\repos\momodora2\enemy.cpp(1357): warning C4244: 'argument': conversion from 'float' to 'int', possible loss of data
c:\users\ppoxx\source\repos\momodora2\enemy.cpp(1362): warning C4244: 'argument': conversion from 'float' to 'int', possible loss of data
c:\users\ppoxx\source\repos\momodora2\enemy.cpp(1361): warning C4244: 'argument': conversion from 'float' to 'int', possible loss of data
c:\users\ppoxx\source\repos\momodora2\enemy.cpp(1365): warning C4244: 'argument': conversion from 'float' to 'int', possible loss of data
c:\users\ppoxx\source\repos\momodora2\enemy.cpp(1681): warning C4244: '=': conversion from 'double' to 'float', possible loss of data
c:\users\ppoxx\source\repos\momodora2\enemy.cpp(1964): warning C4244: 'argument': conversion from 'float' to 'int', possible loss of data
c:\users\ppoxx\source\repos\momodora2\enemy.cpp(2048): warning C4244: 'argument': conversion from 'float' to 'int', possible loss of data
c:\users\ppoxx\source\repos\momodora2\enemy.cpp(2052): warning C4244: 'argument': conversion from 'float' to 'int', possible loss of data
c:\users\ppoxx\source\repos\momodora2\enemy.cpp(2056): warning C4244: 'argument': conversion from 'float' to 'int', possible loss of data
c:\users\ppoxx\source\repos\momodora2\enemy.cpp(2059): warning C4244: 'argument': conversion from 'float' to 'int', possible loss of data
c:\users\ppoxx\source\repos\momodora2\enemy.cpp(2064): warning C4244: 'argument': conversion from 'float' to 'int', possible loss of data
c:\users\ppoxx\source\repos\momodora2\enemy.cpp(2070): warning C4244: 'argument': conversion from 'float' to 'int', possible loss of data
c:\users\ppoxx\source\repos\momodora2\enemy.cpp(2074): warning C4244: 'argument': conversion from 'float' to 'int', possible loss of data
c:\users\ppoxx\source\repos\momodora2\enemy.cpp(2081): warning C4244: 'argument': conversion from 'float' to 'int', possible loss of data
c:\users\ppoxx\source\repos\momodora2\enemy.cpp(2082): warning C4244: 'argument': conversion from 'float' to 'int', possible loss of data
c:\users\ppoxx\source\repos\momodora2\enemy.cpp(2083): warning C4244: 'argument': conversion from 'float' to 'int', possible loss of data
c:\users\ppoxx\source\repos\momodora2\enemy.cpp(2091): warning C4244: 'argument': conversion from 'float' to 'int', possible loss of data
c:\users\ppoxx\source\repos\momodora2\enemy.cpp(2100): warning C4244: 'argument': conversion from 'float' to 'int', possible loss of data
c:\users\ppoxx\source\repos\momodora2\enemy.cpp(2104): warning C4244: 'argument': conversion from 'float' to 'int', possible loss of data
c:\users\ppoxx\source\repos\momodora2\enemy.cpp(2108): warning C4244: 'argument': conversion from 'float' to 'int', possible loss of data
c:\users\ppoxx\source\repos\momodora2\enemy.cpp(2231): warning C4244: '=': conversion from 'double' to 'float', possible loss of data
  pixelCollsion.cpp
c:\users\ppoxx\source\repos\momodora2\pixelcollsion.cpp(35): warning C4244: 'initializing': conversion from 'float' to 'int', possible loss of data
c:\users\ppoxx\source\repos\momodora2\pixelcollsion.cpp(37): warning C4244: 'initializing': conversion from 'float' to 'int', possible loss of data
c:\users\ppoxx\source\repos\momodora2\pixelcollsion.cpp(49): warning C4244: 'argument': conversion from 'int' to 'float', possible loss of data
c:\users\ppoxx\source\repos\momodora2\pixelcollsion.cpp(61): warning C4244: 'initializing': conversion from 'float' to 'int', possible loss of data
c:\users\ppoxx\source\repos\momodora2\pixelcollsion.cpp(63): warning C4244: 'initializing': conversion from 'float' to 'int', possible loss of data
c:\users\ppoxx\source\repos\momodora2\pixelcollsion.cpp(73): warning C4244: 'argument': conversion from 'int' to 'float', possible loss of data
c:\users\ppoxx\source\repos\momodora2\pixelcollsion.cpp(82): warning C4244: 'initializing': conversion from 'float' to 'int', possible loss of data
c:\users\ppoxx\source\repos\momodora2\pixelcollsion.cpp(84): warning C4244: 'argument': conversion from 'float' to 'int', possible loss of data
  playGround.cpp
c:\users\ppoxx\source\repos\momodora2\playground.cpp(195): warning C4244: 'argument': conversion from 'float' to 'int', possible loss of data
  player.cpp
c:\users\ppoxx\source\repos\momodora2\player.cpp(418): warning C4244: 'argument': conversion from 'float' to 'int', possible loss of data
c:\users\ppoxx\source\repos\momodora2\player.cpp(419): warning C4244: 'argument': conversion from 'float' to 'int', possible loss of data
c:\users\ppoxx\source\repos\momodora2\player.cpp(420): warning C4244: 'argument': conversion from 'float' to 'int', possible loss of data
c:\users\ppoxx\source\repos\momodora2\player.cpp(428): warning C4244: 'argument': conversion from 'float' to 'int', possible loss of data
c:\users\ppoxx\source\repos\momodora2\player.cpp(431): warning C4244: 'argument': conversion from 'float' to 'int', possible loss of data
c:\users\ppoxx\source\repos\momodora2\player.cpp(434): warning C4244: 'argument': conversion from 'float' to 'int', possible loss of data
c:\users\ppoxx\source\repos\momodora2\player.cpp(437): warning C4244: 'argument': conversion from 'float' to 'int', possible loss of data
c:\users\ppoxx\source\repos\momodora2\player.cpp(446): warning C4244: 'argument': conversion from 'float' to 'int', possible loss of data
c:\users\ppoxx\source\repos\momodora2\player.cpp(449): warning C4244: 'argument': conversion from 'float' to 'int', possible loss of data
c:\users\ppoxx\source\repos\momodora2\player.cpp(452): warning C4244: 'argument': conversion from 'float' to 'int', possible loss of data
c:\users\ppoxx\source\repos\momodora2\player.cpp(455): warning C4244: 'argument': conversion from 'float' to 'int', possible loss of data
c:\users\ppoxx\source\repos\momodora2\player.cpp(458): warning C4244: 'argument': conversion from 'float' to 'int', possible loss of data
c:\users\ppoxx\source\repos\momodora2\player.cpp(465): warning C4244: 'argument': conversion from 'float' to 'int', possible loss of data
c:\users\ppoxx\source\repos\momodora2\player.cpp(509): warning C4244: 'argument': conversion from 'float' to 'int', possible loss of data
c:\users\ppoxx\source\repos\momodora2\player.cpp(514): warning C4244: 'argument': conversion from 'float' to 'int', possible loss of data
c:\users\ppoxx\source\repos\momodora2\player.cpp(525): warning C4244: 'argument': conversion from 'float' to 'int', possible loss of data
c:\users\ppoxx\source\repos\momodora2\player.cpp(530): warning C4244: 'argument': conversion from 'float' to 'int', possible loss of data
c:\users\ppoxx\source\repos\momodora2\player.cpp(583): warning C4244: 'argument': conversion from 'float' to 'int', possible loss of data
c:\users\ppoxx\source\repos\momodora2\player.cpp(604): warning C4244: 'argument': conversion from 'float' to 'int', possible loss of data
c:\users\ppoxx\source\repos\momodora2\player.cpp(618): warning C4244: 'argument': conversion from 'float' to 'int', possible loss of data
c:\users\ppoxx\source\repos\momodora2\player.cpp(647): warning C4244: 'argument': conversion from 'float' to 'int', possible loss of data
c:\users\ppoxx\source\repos\momodora2\player.cpp(666): warning C4244: '=': conversion from 'int' to 'float', possible loss of data
  stageManager.cpp
c:\users\ppoxx\source\repos\momodora2\enemy.h(253): warning C4838: conversion from 'float' to 'LONG' requires a narrowing conversion
c:\users\ppoxx\source\repos\momodora2\enemy.h(253): warning C4244: 'initializing': conversion from 'float' to 'LONG', possible loss of data
c:\users\ppoxx\source\repos\momodora2\enemy.h(254): warning C4244: '+=': conversion from 'float' to 'LONG', possible loss of data
c:\users\ppoxx\source\repos\momodora2\enemy.h(255): warning C4244: '+=': conversion from 'float' to 'LONG', possible loss of data
c:\users\ppoxx\source\repos\momodora2\enemy.h(256): warning C4244: '+=': conversion from 'float' to 'LONG', possible loss of data
c:\users\ppoxx\source\repos\momodora2\enemy.h(257): warning C4244: '+=': conversion from 'float' to 'LONG', possible loss of data
c:\users\ppoxx\source\repos\momodora2\enemy.h(258): warning C4244: '+=': conversion from 'float' to 'LONG', possible loss of data
c:\users\ppoxx\source\repos\momodora2\enemy.h(259): warning C4244: '+=': conversion from 'float' to 'LONG', possible loss of data
  windowsAPI.cpp
c:\users\ppoxx\source\repos\momodora2\windowsapi.cpp(92): warning C4244: 'return': conversion from 'WPARAM' to 'int', possible loss of data
  Generating code
  15 of 1500 functions ( 1.0%) were compiled, the rest were copied from previous compilation.
    1 functions were new in current compilation
    5 functions had inline decision re-evaluated but remain unchanged
  Finished generating code
  windowsAPI.vcxproj -> C:\Users\ppoxx\source\repos\Momodora2\x64\Release\windowsAPI.exe
