c:\users\ppoxx\source\repos\momodora2\x64\debug\vc141.pdb
c:\users\ppoxx\source\repos\momodora2\x64\debug\vc141.idb
c:\users\ppoxx\source\repos\momodora2\x64\debug\stagemanager.obj
c:\users\ppoxx\source\repos\momodora2\x64\debug\stageenemymanager.obj
c:\users\ppoxx\source\repos\momodora2\x64\debug\playground.obj
c:\users\ppoxx\source\repos\momodora2\x64\debug\commonstage.obj
c:\users\ppoxx\source\repos\momodora2\x64\debug\bossstage.obj
c:\users\ppoxx\source\repos\momodora2\x64\debug\image.obj
c:\users\ppoxx\source\repos\momodora2\x64\debug\enemy.obj
c:\users\ppoxx\source\repos\momodora2\x64\debug\windowsapi.obj
c:\users\ppoxx\source\repos\momodora2\x64\debug\player.obj
c:\users\ppoxx\source\repos\momodora2\x64\debug\soundmanager.obj
c:\users\ppoxx\source\repos\momodora2\x64\debug\pixelcollsion.obj
c:\users\ppoxx\source\repos\momodora2\x64\debug\scenemanager.obj
c:\users\ppoxx\source\repos\momodora2\x64\debug\progressbar.obj
c:\users\ppoxx\source\repos\momodora2\x64\debug\gamenode.obj
c:\users\ppoxx\source\repos\momodora2\x64\debug\effectmanager.obj
c:\users\ppoxx\source\repos\momodora2\x64\debug\effect.obj
c:\users\ppoxx\source\repos\momodora2\x64\debug\animation.obj
c:\users\ppoxx\source\repos\momodora2\x64\debug\windowsapi.pch
c:\users\ppoxx\source\repos\momodora2\x64\debug\stdafx.obj
c:\users\ppoxx\source\repos\momodora2\x64\debug\keymanager.obj
c:\users\ppoxx\source\repos\momodora2\x64\debug\imagemanager.obj
c:\users\ppoxx\source\repos\momodora2\x64\debug\collision.obj
c:\users\ppoxx\source\repos\momodora2\x64\debug\camera.obj
c:\users\ppoxx\source\repos\momodora2\x64\debug\utils.obj
c:\users\ppoxx\source\repos\momodora2\x64\debug\txtdata.obj
c:\users\ppoxx\source\repos\momodora2\x64\debug\timer.obj
c:\users\ppoxx\source\repos\momodora2\x64\debug\timemanager.obj
c:\users\ppoxx\desktop\mmd\x64\debug\windowsapi.pch
c:\users\ppoxx\desktop\mmd\x64\debug\vc141.pdb
c:\users\ppoxx\desktop\mmd\x64\debug\vc141.idb
c:\users\ppoxx\desktop\mmd\x64\debug\stdafx.obj
c:\users\ppoxx\desktop\mmd\x64\debug\stageenemymanager.obj
c:\users\ppoxx\desktop\mmd\x64\debug\stagemanager.obj
c:\users\ppoxx\desktop\mmd\x64\debug\soundmanager.obj
c:\users\ppoxx\desktop\mmd\x64\debug\scenemanager.obj
c:\users\ppoxx\desktop\mmd\x64\debug\progressbar.obj
c:\users\ppoxx\desktop\mmd\x64\debug\playground.obj
c:\users\ppoxx\desktop\mmd\x64\debug\player.obj
c:\users\ppoxx\desktop\mmd\x64\debug\pixelcollsion.obj
c:\users\ppoxx\desktop\mmd\x64\debug\keymanager.obj
c:\users\ppoxx\desktop\mmd\x64\debug\imagemanager.obj
c:\users\ppoxx\desktop\mmd\x64\debug\image.obj
c:\users\ppoxx\desktop\mmd\x64\debug\enemy.obj
c:\users\ppoxx\desktop\mmd\x64\debug\effectmanager.obj
c:\users\ppoxx\desktop\mmd\x64\debug\effect.obj
c:\users\ppoxx\desktop\mmd\x64\debug\commonstage.obj
c:\users\ppoxx\desktop\mmd\x64\debug\collision.obj
c:\users\ppoxx\desktop\mmd\x64\debug\camera.obj
c:\users\ppoxx\desktop\mmd\x64\debug\bossstage.obj
c:\users\ppoxx\desktop\mmd\x64\debug\animation.obj
c:\users\ppoxx\desktop\mmd\x64\debug\windowsapi.obj
c:\users\ppoxx\desktop\mmd\x64\debug\utils.obj
c:\users\ppoxx\desktop\mmd\x64\debug\txtdata.obj
c:\users\ppoxx\desktop\mmd\x64\debug\timer.obj
c:\users\ppoxx\desktop\mmd\x64\debug\timemanager.obj
c:\users\ppoxx\desktop\mmd\x64\debug\gamenode.obj
c:\users\ppoxx\source\repos\momodora2\x64\debug\windowsapi.exe
c:\users\ppoxx\source\repos\momodora2\x64\debug\windowsapi.ilk
c:\users\ppoxx\source\repos\momodora2\x64\debug\windowsapi.pdb
c:\users\ppoxx\desktop\mmd\x64\debug\windowsapi.exe
c:\users\ppoxx\desktop\mmd\x64\debug\windowsapi.ilk
c:\users\ppoxx\desktop\mmd\x64\debug\windowsapi.pdb
c:\users\ppoxx\source\repos\momodora2\x64\debug\windowsapi.res
c:\users\ppoxx\desktop\mmd\x64\debug\windowsapi.res
c:\users\ppoxx\desktop\mmd\x64\debug\bossstage.obj.enc
c:\users\ppoxx\desktop\mmd\x64\debug\enemy.obj.enc
c:\users\ppoxx\desktop\mmd\x64\debug\pixelcollsion.obj.enc
c:\users\ppoxx\desktop\mmd\x64\debug\player.obj.enc
c:\users\ppoxx\desktop\mmd\x64\debug\windowsapi.tlog\cl.command.1.tlog
c:\users\ppoxx\desktop\mmd\x64\debug\windowsapi.tlog\cl.read.1.tlog
c:\users\ppoxx\desktop\mmd\x64\debug\windowsapi.tlog\cl.write.1.tlog
c:\users\ppoxx\desktop\mmd\x64\debug\windowsapi.tlog\link.command.1.tlog
c:\users\ppoxx\desktop\mmd\x64\debug\windowsapi.tlog\link.read.1.tlog
c:\users\ppoxx\desktop\mmd\x64\debug\windowsapi.tlog\link.write.1.tlog
c:\users\ppoxx\desktop\mmd\x64\debug\windowsapi.tlog\rc.command.1.tlog
c:\users\ppoxx\desktop\mmd\x64\debug\windowsapi.tlog\rc.read.1.tlog
c:\users\ppoxx\desktop\mmd\x64\debug\windowsapi.tlog\rc.write.1.tlog
